<?xml version="1.0" encoding="UTF-8"?>
<robot generator="Robot 4.1 (Python 3.8.10 on darwin)" generated="20220731 21:46:12.574" rpa="false" schemaversion="2">
<suite id="s1" name="Test Case 3" source="/Users/sefikkesim/Desktop/UI_Testing_Robot_framework/test_cases/test_case_3/test_case_3.robot">
<test id="s1-t1" name="Login User With Incorrect Email and Password">
<kw name="Run Keywords" library="BuiltIn" type="SETUP">
<arg>Navigate The Website And Verify Home Page is Visible</arg>
<doc>Executes all the given keywords in a sequence.</doc>
<kw name="Navigate The Website And Verify Home Page is Visible" library="global_keywords">
<kw name="Open Browser">
<arg>${base_url}</arg>
<arg>${browser}</arg>
<msg timestamp="20220731 21:46:12.600" level="FAIL">No keyword with name 'Open Browser' found.</msg>
<status status="FAIL" starttime="20220731 21:46:12.599" endtime="20220731 21:46:12.602"/>
</kw>
<kw name="Get Location">
<var>${url}</var>
<status status="NOT RUN" starttime="20220731 21:46:12.603" endtime="20220731 21:46:12.604"/>
</kw>
<kw name="Should Be Equal" library="BuiltIn">
<arg>${base_url}</arg>
<arg>${url}</arg>
<doc>Fails if the given objects are unequal.</doc>
<status status="NOT RUN" starttime="20220731 21:46:12.604" endtime="20220731 21:46:12.604"/>
</kw>
<status status="FAIL" starttime="20220731 21:46:12.598" endtime="20220731 21:46:12.604"/>
</kw>
<status status="FAIL" starttime="20220731 21:46:12.598" endtime="20220731 21:46:12.604"/>
</kw>
<kw name="Close Browser" type="TEARDOWN">
<msg timestamp="20220731 21:46:12.606" level="FAIL">No keyword with name 'Close Browser' found.</msg>
<status status="FAIL" starttime="20220731 21:46:12.606" endtime="20220731 21:46:12.606">No keyword with name 'Close Browser' found.</status>
</kw>
<status status="FAIL" starttime="20220731 21:46:12.598" endtime="20220731 21:46:12.606">Setup failed:
No keyword with name 'Open Browser' found.

Also teardown failed:
No keyword with name 'Close Browser' found.</status>
</test>
<status status="FAIL" starttime="20220731 21:46:12.576" endtime="20220731 21:46:12.607"/>
</suite>
<statistics>
<total>
<stat pass="0" fail="1" skip="0">All Tests</stat>
</total>
<tag>
</tag>
<suite>
<stat pass="0" fail="1" skip="0" id="s1" name="Test Case 3">Test Case 3</stat>
</suite>
</statistics>
<errors>
<msg timestamp="20220731 21:46:12.590" level="ERROR">Error in file '/Users/sefikkesim/Desktop/UI_Testing_Robot_framework/test_cases/test_case_3/test_case_3.robot' on line 3: Importing library 'Selenium2Library' failed: ModuleNotFoundError: No module named 'Selenium2Library'
Traceback (most recent call last):
  None
PYTHONPATH:
  /Users/sefikkesim/.vscode/extensions/robocorp.robotframework-lsp-0.49.0/src/robotframework_debug_adapter
  /Users/sefikkesim/Desktop/UI_Testing_Robot_framework
  /Users/sefikkesim/.vscode/extensions/robocorp.robotframework-lsp-0.49.0/src
  /Users/sefikkesim/.vscode/extensions/robocorp.robotframework-lsp-0.49.0/src/robotframework_ls/vendored
  /Users/Shared/robocorp/ht/366188f_b1f3c24_0041a488/lib/python38.zip
  /Users/Shared/robocorp/ht/366188f_b1f3c24_0041a488/lib/python3.8
  /Users/Shared/robocorp/ht/366188f_b1f3c24_0041a488/lib/python3.8/lib-dynload
  /Users/Shared/robocorp/ht/366188f_b1f3c24_0041a488/lib/python3.8/site-packages</msg>
</errors>
</robot>
